<?xml version="1.0" encoding="UTF-8"?>
<!-- Generated by org.testng.reporters.JUnitReportReporter -->
<testsuite hostname="LAPTOP-D9B72J2S" failures="0" tests="1" name="ParallelTest.expectedExceptions" time="0.006" errors="0" timestamp="2022-09-30T14:38:34 IST" skipped="0">
  <testcase classname="ParallelTest.expectedExceptions" name="testMethod1" time="0.006"/>
  <system-out/>
</testsuite> <!-- ParallelTest.expectedExceptions -->
