<?xml version="1.0" encoding="UTF-8"?>
<!-- Generated by org.testng.reporters.JUnitReportReporter -->
<testsuite hostname="LAPTOP-D9B72J2S" failures="0" tests="2" name="ParallelTest.Testngparallel" time="37.252" errors="0" timestamp="2022-09-03T19:29:45 IST" skipped="0">
  <testcase classname="ParallelTest.Testngparallel" name="paratest2" time="28.631"/>
  <system-out/>
  <testcase classname="ParallelTest.Testngparallel" name="paratest1" time="8.621"/>
  <system-out/>
</testsuite> <!-- ParallelTest.Testngparallel -->
